0                                   
1                                   
2                                   
 3       ( 9.43 ,  32.8 )       ( 5.52 ,  35.2 )       ( 3.05 ,  36.6 )       ( 1.63 ,  37.4 )       ( 0.871 ,  38.1 )        0.977                                 
3                                   
4                                   
5                                   
 6       ( 10.5 ,  37.9 )       ( 6 ,  40.2 )       ( 3.27 ,  41.5 )       ( 1.74 ,  42.3 )       ( 0.922 ,    43 )        0.932                                    
6                                   
7                                   
8                                   
 9       ( 11 ,  39.9 )       ( 6.25 ,  42.1 )       ( 3.39 ,  43.3 )       ( 1.8 ,  44.1 )       ( 0.947 ,  44.7 )        0.911                                    
9                                   
10                                  
11                                  
12       ( 11.3 ,  40.9 )       ( 6.41 ,  43.3 )       ( 3.46 ,  44.5 )       ( 1.83 ,  45.2 )       ( 0.963 ,  45.9 )          0.9                                 
12                                  
13                                  
14                                  
15       ( 11.5 ,  41.8 )       ( 6.53 ,  44.1 )       ( 3.52 ,  45.3 )       ( 1.86 ,    46 )       ( 0.975 ,  46.6 )        0.893                                 
15                                  
16                                  
17                                  
18       ( 11.7 ,  43.2 )       ( 6.61 ,  45.4 )       ( 3.56 ,  46.6 )       ( 1.87 ,  47.3 )       ( 0.984 ,  47.9 )        0.889                                 
18                                  
19                                  
20                                  
21       ( 11.9 ,  43.4 )       ( 6.69 ,  45.6 )       ( 3.59 ,  46.7 )       ( 1.89 ,  47.5 )       ( 0.991 ,  48.1 )        0.887                                 
21                                  
22                                  
23                                  
24       ( 12.1 ,  44.2 )       ( 6.75 ,  46.4 )       ( 3.62 ,  47.5 )       ( 1.9 ,  48.2 )       ( 0.998 ,  48.8 )        0.885                                  
24                                  
25                                  
26                                  
27       ( 12.2 ,  44.6 )       ( 6.81 ,  46.8 )       ( 3.64 ,  47.9 )       ( 1.92 ,  48.6 )       ( 1 ,  49.2 )        0.883                                 
27                                  
28                                  
29                                  
30       ( 12.3 ,  45.3 )       ( 6.86 ,  47.5 )       ( 3.67 ,  48.7 )       ( 1.93 ,  49.4 )       ( 1.01 ,  49.9 )        0.883                                  
30                                  
31                                  
32                                  
33       ( 12.4 ,  45.8 )       ( 6.91 ,    48 )       ( 3.69 ,  49.1 )       ( 1.94 ,  49.8 )       ( 1.01 ,  50.3 )        0.883                                  
33                                  
34                                  
35                                  
36       ( 12.5 ,  46.3 )       ( 6.95 ,  48.5 )       ( 3.7 ,  49.5 )       ( 1.94 ,  50.3 )       ( 1.01 ,  50.8 )        0.884                                   
36                                  
37                                  
38                                  
39       ( 12.5 ,  46.4 )       ( 6.98 ,  48.5 )       ( 3.72 ,  49.6 )       ( 1.95 ,  50.3 )       ( 1.02 ,  50.8 )        0.884                                  
39                                  
40                                  
41                                  
42       ( 12.6 ,  46.4 )       ( 7.01 ,  48.6 )       ( 3.73 ,  49.7 )       ( 1.96 ,  50.4 )       ( 1.02 ,  50.9 )        0.885                                  
42                                  
43                                  
44                                  
45       ( 12.7 ,  47.2 )       ( 7.04 ,  49.3 )       ( 3.75 ,  50.4 )       ( 1.97 ,  51.1 )       ( 1.02 ,  51.6 )        0.885                                  
45                                  
46                                  
47                                  
48       ( 12.7 ,    47 )       ( 7.07 ,  49.1 )       ( 3.76 ,  50.2 )       ( 1.97 ,  50.9 )       ( 1.02 ,  51.4 )        0.886                                  
48                                  
49                                  
50                                  
51       ( 12.8 ,  47.8 )       ( 7.09 ,  49.9 )       ( 3.77 ,    51 )       ( 1.98 ,  51.7 )       ( 1.03 ,  52.2 )        0.887                                  
51                                  
52                                  
53                                  
54       ( 12.8 ,  47.6 )       ( 7.11 ,  49.7 )       ( 3.78 ,  50.8 )       ( 1.98 ,  51.5 )       ( 1.03 ,    52 )        0.888                                  
54                                  
55                                  
56                                  
57       ( 12.9 ,  48.2 )       ( 7.12 ,  50.3 )       ( 3.79 ,  51.4 )       ( 1.98 ,  52.1 )       ( 1.03 ,  52.5 )        0.889                                  
57                                  
58                                  
59                                  
60       ( 12.9 ,  48.5 )       ( 7.15 ,  50.6 )       ( 3.8 ,  51.7 )       ( 1.99 ,  52.4 )       ( 1.03 ,  52.9 )         0.89                                   
60                                  
61                                  
62                                  
63       ( 12.9 ,  48.3 )       ( 7.17 ,  50.4 )       ( 3.8 ,  51.4 )       ( 1.99 ,  52.1 )       ( 1.03 ,  52.6 )        0.891                                   
63                                  
64                                  
65                                  
66       ( 13 ,  48.7 )       ( 7.18 ,  50.8 )       ( 3.81 ,  51.8 )       ( 2 ,  52.5 )       ( 1.03 ,    53 )        0.892                                   
66                                  
67                                  
68                                  
69       ( 13 ,  48.9 )       ( 7.2 ,    51 )       ( 3.82 ,  52.1 )       ( 2 ,  52.7 )       ( 1.04 ,  53.2 )        0.893                                    
69                                  
70                                  
71                                  
72       ( 13 ,  49.1 )       ( 7.21 ,  51.2 )       ( 3.83 ,  52.3 )       ( 2 ,  52.9 )       ( 1.04 ,  53.4 )        0.894                                   
72                                  
73                                  
74                                  
75       ( 13.1 ,  49.3 )       ( 7.23 ,  51.4 )       ( 3.83 ,  52.4 )       ( 2 ,  53.1 )       ( 1.04 ,  53.6 )        0.895                                 
75                                  
76                                  
77                                  
78       ( 13.1 ,  49.5 )       ( 7.24 ,  51.5 )       ( 3.84 ,  52.5 )       ( 2 ,  53.2 )       ( 1.04 ,  53.7 )        0.896                                 
78                                  
79                                  
80                                  
81       ( 13.1 ,  49.7 )       ( 7.25 ,  51.7 )       ( 3.84 ,  52.7 )       ( 2.01 ,  53.4 )       ( 1.04 ,  53.9 )        0.896                                  
81                                  
82                                  
83                                  
84       ( 13.2 ,  49.7 )       ( 7.26 ,  51.8 )       ( 3.85 ,  52.8 )       ( 2.01 ,  53.5 )       ( 1.04 ,  53.9 )        0.897                                  
84                                  
85                                  
86                                  
87       ( 13.2 ,  49.9 )       ( 7.27 ,  51.9 )       ( 3.85 ,  52.9 )       ( 2.01 ,  53.6 )       ( 1.04 ,    54 )        0.898                                  
87                                  
88                                  
89                                  
90       ( 13.2 ,    50 )       ( 7.28 ,  52.1 )       ( 3.86 ,  53.1 )       ( 2.01 ,  53.7 )       ( 1.04 ,  54.2 )        0.899                                  
90                                  
91                                  
92                                  
93       ( 13.2 ,  50.1 )       ( 7.29 ,  52.1 )       ( 3.86 ,  53.2 )       ( 2.02 ,  53.8 )       ( 1.04 ,  54.3 )          0.9                                  
93                                  
94                                  
95                                  
96       ( 13.3 ,  50.1 )       ( 7.3 ,    52 )       ( 3.87 ,  53.1 )       ( 2.02 ,  53.7 )       ( 1.04 ,  54.2 )          0.9                                   
96                                  
97                                  
98                                  
99       ( 13.3 ,  50.4 )       ( 7.31 ,  52.4 )       ( 3.87 ,  53.4 )       ( 2.02 ,  54.1 )       ( 1.04 ,  54.5 )        0.901                                  
