iter    ( p@ 5,  nDCG@5 )    ( p@ 10,  nDCG@10 )    ( p@ 20,  nDCG@20 )    ( p@ 40,  nDCG@40 )    ( p@ 80,  nDCG@80 )       ploss                                               
0                                               
1                                               
2                                               
 3       ( 3.6 ,  12.2 )       ( 2.63 ,  14.8 )       ( 1.8 ,  17.3 )       ( 1.17 ,  19.5 )       ( 0.725 ,  21.4 )        0.951                                               
3                                               
4                                               
5                                               
 6       ( 3.77 ,  12.8 )       ( 2.71 ,  15.4 )       ( 1.84 ,  17.9 )       ( 1.19 ,  20.1 )       ( 0.736 ,    22 )        0.939                                             
6                                               
7                                               
8                                               
 9       ( 3.81 ,    13 )       ( 2.74 ,  15.6 )       ( 1.86 ,  18.1 )       ( 1.19 ,  20.3 )       ( 0.74 ,  22.2 )        0.936                                              
9                                               
10                                              
11                                              
12       ( 3.82 ,    13 )       ( 2.75 ,  15.7 )       ( 1.86 ,  18.2 )       ( 1.2 ,  20.4 )       ( 0.742 ,  22.3 )        0.936                                              
12                                              
13                                              
14                                              
15       ( 3.83 ,    13 )       ( 2.75 ,  15.7 )       ( 1.87 ,  18.2 )       ( 1.2 ,  20.4 )       ( 0.743 ,  22.3 )        0.936                                              
